<?xml version="1.0" encoding="UTF-8"?>
<testng-results ignored="0" total="2" passed="2" failed="0" skipped="0">
  <reporter-output>
    <line>
      <![CDATA[launching browser ]]>
    </line>
    <line>
      <![CDATA[Entering UserID and Password]]>
    </line>
    <line>
      <![CDATA[Entering pin ]]>
    </line>
    <line>
      <![CDATA[Launched Home Page]]>
    </line>
    <line>
      <![CDATA[screenshot captured]]>
    </line>
    <line>
      <![CDATA[user id matched tc is passed ]]>
    </line>
    <line>
      <![CDATA[logging out ....]]>
    </line>
    <line>
      <![CDATA[closing browser]]>
    </line>
    <line>
      <![CDATA[launching browser ]]>
    </line>
    <line>
      <![CDATA[Entering UserID and Password]]>
    </line>
    <line>
      <![CDATA[Entering pin ]]>
    </line>
    <line>
      <![CDATA[Launched Home Page]]>
    </line>
    <line>
      <![CDATA[screenshot captured]]>
    </line>
    <line>
      <![CDATA[user id matched tc is passed ]]>
    </line>
    <line>
      <![CDATA[logging out ....]]>
    </line>
    <line>
      <![CDATA[closing browser]]>
    </line>
  </reporter-output>
  <suite started-at="2021-12-11T14:17:17 IST" name="Suite" finished-at="2021-12-11T14:17:48 IST" duration-ms="31041">
    <groups>
    </groups>
    <test started-at="2021-12-11T14:17:17 IST" name="firefoxTest" finished-at="2021-12-11T14:17:38 IST" duration-ms="20839">
      <class name="POM_with_DDF_TestNG.Kite_test">
        <test-method is-config="true" signature="launchbrowser(java.lang.String)[pri:0, instance:POM_with_DDF_TestNG.Kite_test@77fbd92c]" started-at="2021-12-11T14:17:17 IST" name="launchbrowser" finished-at="2021-12-11T14:17:29 IST" duration-ms="12138" status="PASS">
          <params>
            <param index="0">
              <value>
                <![CDATA[firefox]]>
              </value>
            </param>
          </params>
          <reporter-output>
            <line>
              <![CDATA[launching browser ]]>
            </line>
          </reporter-output>
        </test-method> <!-- launchbrowser -->
        <test-method is-config="true" signature="logintokite()[pri:0, instance:POM_with_DDF_TestNG.Kite_test@77fbd92c]" started-at="2021-12-11T14:17:29 IST" name="logintokite" finished-at="2021-12-11T14:17:35 IST" duration-ms="5290" status="PASS">
          <reporter-output>
            <line>
              <![CDATA[Entering UserID and Password]]>
            </line>
            <line>
              <![CDATA[Entering pin ]]>
            </line>
          </reporter-output>
        </test-method> <!-- logintokite -->
        <test-method signature="validate_kite_userid()[pri:0, instance:POM_with_DDF_TestNG.Kite_test@77fbd92c]" started-at="2021-12-11T14:17:35 IST" name="validate_kite_userid" finished-at="2021-12-11T14:17:35 IST" duration-ms="673" status="PASS">
          <reporter-output>
            <line>
              <![CDATA[Launched Home Page]]>
            </line>
            <line>
              <![CDATA[screenshot captured]]>
            </line>
            <line>
              <![CDATA[user id matched tc is passed ]]>
            </line>
          </reporter-output>
        </test-method> <!-- validate_kite_userid -->
        <test-method is-config="true" signature="logoutkite()[pri:0, instance:POM_with_DDF_TestNG.Kite_test@77fbd92c]" started-at="2021-12-11T14:17:35 IST" name="logoutkite" finished-at="2021-12-11T14:17:36 IST" duration-ms="784" status="PASS">
          <reporter-output>
            <line>
              <![CDATA[logging out ....]]>
            </line>
          </reporter-output>
        </test-method> <!-- logoutkite -->
        <test-method is-config="true" signature="closingbrowser()[pri:0, instance:POM_with_DDF_TestNG.Kite_test@77fbd92c]" started-at="2021-12-11T14:17:36 IST" name="closingbrowser" finished-at="2021-12-11T14:17:38 IST" duration-ms="1911" status="PASS">
          <reporter-output>
            <line>
              <![CDATA[closing browser]]>
            </line>
          </reporter-output>
        </test-method> <!-- closingbrowser -->
      </class> <!-- POM_with_DDF_TestNG.Kite_test -->
    </test> <!-- firefoxTest -->
    <test started-at="2021-12-11T14:17:38 IST" name="chromeTest" finished-at="2021-12-11T14:17:48 IST" duration-ms="10179">
      <class name="POM_with_DDF_TestNG.Kite_test">
        <test-method is-config="true" signature="launchbrowser(java.lang.String)[pri:0, instance:POM_with_DDF_TestNG.Kite_test@7b98f307]" started-at="2021-12-11T14:17:38 IST" name="launchbrowser" finished-at="2021-12-11T14:17:44 IST" duration-ms="6081" status="PASS">
          <params>
            <param index="0">
              <value>
                <![CDATA[chrome]]>
              </value>
            </param>
          </params>
          <reporter-output>
            <line>
              <![CDATA[launching browser ]]>
            </line>
          </reporter-output>
        </test-method> <!-- launchbrowser -->
        <test-method is-config="true" signature="logintokite()[pri:0, instance:POM_with_DDF_TestNG.Kite_test@7b98f307]" started-at="2021-12-11T14:17:44 IST" name="logintokite" finished-at="2021-12-11T14:17:46 IST" duration-ms="2306" status="PASS">
          <reporter-output>
            <line>
              <![CDATA[Entering UserID and Password]]>
            </line>
            <line>
              <![CDATA[Entering pin ]]>
            </line>
          </reporter-output>
        </test-method> <!-- logintokite -->
        <test-method signature="validate_kite_userid()[pri:0, instance:POM_with_DDF_TestNG.Kite_test@7b98f307]" started-at="2021-12-11T14:17:46 IST" name="validate_kite_userid" finished-at="2021-12-11T14:17:47 IST" duration-ms="822" status="PASS">
          <reporter-output>
            <line>
              <![CDATA[Launched Home Page]]>
            </line>
            <line>
              <![CDATA[screenshot captured]]>
            </line>
            <line>
              <![CDATA[user id matched tc is passed ]]>
            </line>
          </reporter-output>
        </test-method> <!-- validate_kite_userid -->
        <test-method is-config="true" signature="logoutkite()[pri:0, instance:POM_with_DDF_TestNG.Kite_test@7b98f307]" started-at="2021-12-11T14:17:47 IST" name="logoutkite" finished-at="2021-12-11T14:17:48 IST" duration-ms="662" status="PASS">
          <reporter-output>
            <line>
              <![CDATA[logging out ....]]>
            </line>
          </reporter-output>
        </test-method> <!-- logoutkite -->
        <test-method is-config="true" signature="closingbrowser()[pri:0, instance:POM_with_DDF_TestNG.Kite_test@7b98f307]" started-at="2021-12-11T14:17:48 IST" name="closingbrowser" finished-at="2021-12-11T14:17:48 IST" duration-ms="302" status="PASS">
          <reporter-output>
            <line>
              <![CDATA[closing browser]]>
            </line>
          </reporter-output>
        </test-method> <!-- closingbrowser -->
      </class> <!-- POM_with_DDF_TestNG.Kite_test -->
    </test> <!-- chromeTest -->
  </suite> <!-- Suite -->
</testng-results>
