<?xml version="1.0" encoding="UTF-8"?>
<!-- Generated by org.testng.reporters.JUnitXMLReporter -->
<testsuite ignored="0" hostname="DESKTOP-6G7VCPJ" failures="0" tests="8" name="TestMGxmlstudy" time="0.15" errors="0" timestamp="2021-11-27T09:06:23 IST">
  <testcase classname="tTestNG_xml_study.sample1" name="s1tc1" time="0.02"/>
  <testcase classname="tTestNG_xml_study.sample1" name="s1tc2" time="0.003"/>
  <testcase classname="tTestNG_xml_study.sample1" name="s1tc3" time="0.001"/>
  <testcase classname="tTestNG_xml_study.sample1" name="s1tc4" time="0.005"/>
  <testcase classname="tTestNG_xml_study.sample2" name="s2tc1" time="0.001"/>
  <testcase classname="tTestNG_xml_study.sample2" name="s2tc2" time="0.001"/>
  <testcase classname="tTestNG_xml_study.sample2" name="s2tc3" time="0.002"/>
  <testcase classname="tTestNG_xml_study.sample2" name="s2tc4" time="0.002"/>
</testsuite> <!-- TestMGxmlstudy -->
