<?xml version="1.0" encoding="UTF-8"?>
<!-- Generated by org.testng.reporters.JUnitXMLReporter -->
<testsuite ignored="2" hostname="DESKTOP-6G7VCPJ" failures="0" tests="6" name="Test" time="0.235" errors="0" timestamp="2021-12-11T13:05:25 IST">
  <testcase classname="tTestNG_xml_study.group1" name="g1tc1" time="0.011"/>
  <testcase classname="tTestNG_xml_study.group1" name="g1tc3" time="0.002"/>
  <testcase classname="tTestNG_xml_study.group1" name="g1tc4" time="0.003"/>
  <testcase classname="tTestNG_xml_study.group2" name="g2tc1" time="0.002"/>
  <testcase classname="tTestNG_xml_study.group2" name="g2tc2" time="0.001"/>
  <testcase classname="tTestNG_xml_study.group2" name="g2tc3" time="0.001"/>
  <testcase classname="tTestNG_xml_study.group1" name="g1tc2" time="0.0">
    <ignored/>
  </testcase> <!-- g1tc2 -->
  <testcase classname="tTestNG_xml_study.group2" name="g2tc4" time="0.0">
    <ignored/>
  </testcase> <!-- g2tc4 -->
</testsuite> <!-- Test -->
